<?xml version="1.0" encoding="UTF-8"?>
<!-- Generated by org.testng.reporters.JUnitXMLReporter -->
<testsuite ignored="0" hostname="DESKTOP-DQ5VT7O" failures="1" tests="8" name="LoginTest" time="71.261" errors="0" timestamp="2025-05-31T19:53:58 IST">
  <testcase classname="TestCases.TS002_Validate_Login_Functionality" name="TC001_Verify_LoginWithValidCredientials" time="2.779"/>
  <testcase classname="TestCases.TS002_Validate_Login_Functionality" name="TC002_Verify_LoginWithInValidCredientials" time="2.573"/>
  <testcase classname="TestCases.TS002_Validate_Login_Functionality" name="TC003_Verify_LoginWithInValidEmailAndValidPassword" time="2.826"/>
  <testcase classname="TestCases.TS002_Validate_Login_Functionality" name="TC004_Verify_LoginWithValidEmailAndInValidPassword" time="2.23"/>
  <testcase classname="TestCases.TS002_Validate_Login_Functionality" name="TC005_Verify_LoginWithoutCredientials" time="1.693"/>
  <testcase classname="TestCases.TS002_Validate_Login_Functionality" name="TC006_Verify_ElementPlaceHolders" time="0.942"/>
  <testcase classname="TestCases.TS002_Validate_Login_Functionality" name="TC007_Verify_ForgottonPasswordLink" time="1.386"/>
  <testcase classname="TestCases.TS002_Validate_Login_Functionality" name="TC008_Verify_BrowserBackActionAfterLogin" time="12.795">
    <failure type="java.lang.AssertionError" message="null">
      <![CDATA[java.lang.AssertionError: null
at TestCases.TS002_Validate_Login_Functionality.TC008_Verify_BrowserBackActionAfterLogin(TS002_Validate_Login_Functionality.java:226)
at java.base/java.util.ArrayList.forEach(ArrayList.java:1596)
... Removed 27 stack frames]]>
    </failure>
  </testcase> <!-- TC008_Verify_BrowserBackActionAfterLogin -->
</testsuite> <!-- LoginTest -->
