<?xml version="1.0" encoding="UTF-8"?>
<!-- Generated by org.testng.reporters.JUnitXMLReporter -->
<testsuite ignored="0" hostname="DESKTOP-DQ5VT7O" failures="2" tests="18" name="RegisterTest" time="161.019" errors="0" timestamp="2025-05-31T19:58:12 IST">
  <testcase classname="TestCases.TS001_Validate_Register_Functionality" name="TC001_Verify_RegisterWithAllFields" time="5.269"/>
  <testcase classname="TestCases.TS001_Validate_Register_Functionality" name="TC003_Verify_RegisterWithMissingMandetoryField" time="3.63"/>
  <testcase classname="TestCases.TS001_Validate_Register_Functionality" name="TC004_Verify_AllWarningMessages" time="1.984"/>
  <testcase classname="TestCases.TS001_Validate_Register_Functionality" name="TC005_Verify_ByProvidingInvalidEmail" time="2.975"/>
  <testcase classname="TestCases.TS001_Validate_Register_Functionality" name="TC006_Verify_ByProvidingInvalidTelephone" time="4.019"/>
  <testcase classname="TestCases.TS001_Validate_Register_Functionality" name="TC007_Verify_ByProvidingAlphanumericTelephone" time="4.695">
    <failure type="java.lang.AssertionError" message="Telephone Number Should not be Alphanumeric">
      <![CDATA[java.lang.AssertionError: Telephone Number Should not be Alphanumeric
at TestCases.TS001_Validate_Register_Functionality.TC007_Verify_ByProvidingAlphanumericTelephone(TS001_Validate_Register_Functionality.java:202)
at java.base/java.util.ArrayList.forEach(ArrayList.java:1596)
... Removed 26 stack frames]]>
    </failure>
  </testcase> <!-- TC007_Verify_ByProvidingAlphanumericTelephone -->
  <testcase classname="TestCases.TS001_Validate_Register_Functionality" name="TC008_Verify_UnSubribingNewsLetter" time="4.958"/>
  <testcase classname="TestCases.TS001_Validate_Register_Functionality" name="TC009_Verify_SubribingNewsLetter" time="4.559"/>
  <testcase classname="TestCases.TS001_Validate_Register_Functionality" name="TC010_Verify_ByUncheckingTerms" time="3.572"/>
  <testcase classname="TestCases.TS001_Validate_Register_Functionality" name="TC011_Verify_ByProvidingDifferentPassInConfirmField" time="3.589"/>
  <testcase classname="TestCases.TS002_Validate_Login_Functionality" name="TC001_Verify_LoginWithValidCredientials" time="2.711"/>
  <testcase classname="TestCases.TS002_Validate_Login_Functionality" name="TC002_Verify_LoginWithInValidCredientials" time="2.579"/>
  <testcase classname="TestCases.TS002_Validate_Login_Functionality" name="TC003_Verify_LoginWithInValidEmailAndValidPassword" time="2.92"/>
  <testcase classname="TestCases.TS002_Validate_Login_Functionality" name="TC004_Verify_LoginWithValidEmailAndInValidPassword" time="2.321"/>
  <testcase classname="TestCases.TS002_Validate_Login_Functionality" name="TC005_Verify_LoginWithoutCredientials" time="1.749"/>
  <testcase classname="TestCases.TS002_Validate_Login_Functionality" name="TC006_Verify_ElementPlaceHolders" time="0.881"/>
  <testcase classname="TestCases.TS002_Validate_Login_Functionality" name="TC007_Verify_ForgottonPasswordLink" time="1.385"/>
  <testcase classname="TestCases.TS002_Validate_Login_Functionality" name="TC008_Verify_BrowserBackActionAfterLogin" time="12.745">
    <failure type="java.lang.AssertionError" message="null">
      <![CDATA[java.lang.AssertionError: null
at TestCases.TS002_Validate_Login_Functionality.TC008_Verify_BrowserBackActionAfterLogin(TS002_Validate_Login_Functionality.java:226)
at java.base/java.util.ArrayList.forEach(ArrayList.java:1596)
... Removed 27 stack frames]]>
    </failure>
  </testcase> <!-- TC008_Verify_BrowserBackActionAfterLogin -->
</testsuite> <!-- RegisterTest -->
