<?xml version="1.0" encoding="UTF-8"?>
<!-- Generated by org.testng.reporters.JUnitXMLReporter -->
<testsuite ignored="0" hostname="DESKTOP-DQ5VT7O" failures="1" tests="10" name="Test" time="102.274" errors="0" timestamp="2025-05-31T19:40:11 IST">
  <testcase classname="TestCases.TS001_Validate_Register_Functionality" name="TC001_Verify_RegisterWithAllFields" time="5.897"/>
  <testcase classname="TestCases.TS001_Validate_Register_Functionality" name="TC003_Verify_RegisterWithMissingMandetoryField" time="3.613"/>
  <testcase classname="TestCases.TS001_Validate_Register_Functionality" name="TC004_Verify_AllWarningMessages" time="2.077"/>
  <testcase classname="TestCases.TS001_Validate_Register_Functionality" name="TC005_Verify_ByProvidingInvalidEmail" time="2.779"/>
  <testcase classname="TestCases.TS001_Validate_Register_Functionality" name="TC006_Verify_ByProvidingInvalidTelephone" time="4.026"/>
  <testcase classname="TestCases.TS001_Validate_Register_Functionality" name="TC007_Verify_ByProvidingAlphanumericTelephone" time="4.445">
    <failure type="java.lang.AssertionError" message="Telephone Number Should not be Alphanumeric">
      <![CDATA[java.lang.AssertionError: Telephone Number Should not be Alphanumeric
at TestCases.TS001_Validate_Register_Functionality.TC007_Verify_ByProvidingAlphanumericTelephone(TS001_Validate_Register_Functionality.java:156)
at java.base/java.util.concurrent.Executors$RunnableAdapter.call(Executors.java:572)
at java.base/java.util.concurrent.FutureTask.run(FutureTask.java:317)
at java.base/java.util.concurrent.ThreadPoolExecutor.runWorker(ThreadPoolExecutor.java:1144)
at java.base/java.util.concurrent.ThreadPoolExecutor$Worker.run(ThreadPoolExecutor.java:642)
at java.base/java.lang.Thread.run(Thread.java:1583)
... Removed 12 stack frames]]>
    </failure>
  </testcase> <!-- TC007_Verify_ByProvidingAlphanumericTelephone -->
  <testcase classname="TestCases.TS001_Validate_Register_Functionality" name="TC008_Verify_UnSubribingNewsLetter" time="5.318"/>
  <testcase classname="TestCases.TS001_Validate_Register_Functionality" name="TC009_Verify_SubribingNewsLetter" time="4.64"/>
  <testcase classname="TestCases.TS001_Validate_Register_Functionality" name="TC010_Verify_ByUncheckingTerms" time="3.805"/>
  <testcase classname="TestCases.TS001_Validate_Register_Functionality" name="TC011_Verify_ByProvidingDifferentPassInConfirmField" time="5.999"/>
</testsuite> <!-- Test -->
